<?xml version="1.0" encoding="UTF-8"?>
<testsuite xmlns:xsi="http://www.w3.org/2001/XMLSchema-instance" xsi:noNamespaceSchemaLocation="https://maven.apache.org/surefire/maven-surefire-plugin/xsd/surefire-test-report.xsd" name="org.epam.AppTest" time="0.032" tests="8" errors="0" skipped="0" failures="0">
  <properties>
[...]
</properties>
  <testcase name="checkAverageSingleArgs" classname="org.epam.AppTest" time="0.015"/>
  <testcase name="checkAverage" classname="org.epam.AppTest" time="0"/>
  <testcase name="checkStartsWith" classname="org.epam.AppTest" time="0.003"/>
  <testcase name="checkPalindromesNullArgs" classname="org.epam.AppTest" time="0.001"/>
  <testcase name="setCheckStartWithNullArgs" classname="org.epam.AppTest" time="0.001"/>
  <testcase name="checkPalindromesWithArgs" classname="org.epam.AppTest" time="0.002"/>
  <testcase name="checkStartsWithNullList" classname="org.epam.AppTest" time="0.001"/>
  <testcase name="checkAverageNullArgs" classname="org.epam.AppTest" time="0"/>
</testsuite>